TN:
SF:src\game.jsx
FN:4,(anonymous_0)
FN:16,(anonymous_1)
FN:47,(anonymous_2)
FN:57,(anonymous_3)
FN:63,(anonymous_4)
FN:64,(anonymous_5)
FN:65,(anonymous_6)
FNF:7
FNH:2
FNDA:1,(anonymous_0)
FNDA:0,(anonymous_1)
FNDA:0,(anonymous_2)
FNDA:1,(anonymous_3)
FNDA:0,(anonymous_4)
FNDA:0,(anonymous_5)
FNDA:0,(anonymous_6)
DA:5,1
DA:6,1
DA:16,1
DA:17,0
DA:19,0
DA:20,0
DA:23,0
DA:24,0
DA:25,0
DA:27,0
DA:28,0
DA:29,0
DA:32,0
DA:38,0
DA:39,0
DA:47,1
DA:48,0
DA:58,1
DA:59,1
DA:63,0
DA:64,0
DA:65,0
LF:22
LH:6
BRDA:19,0,0,0
BRDA:19,0,1,0
BRDA:23,1,0,0
BRDA:23,1,1,0
BRDA:28,2,0,0
BRDA:28,2,1,0
BRDA:38,3,0,0
BRDA:38,3,1,0
BRDA:66,4,0,0
BRDA:66,4,1,1
BRDA:67,5,0,1
BRDA:67,5,1,0
BRF:12
BRH:2
end_of_record
TN:
SF:src\index.jsx
FN:5,(anonymous_0)
FNF:1
FNH:0
FNDA:0,(anonymous_0)
DA:5,0
DA:6,0
DA:12,0
LF:3
LH:0
BRF:0
BRH:0
end_of_record
